MPASM  5.50                            E2.ASM   7-22-2021  12:03:32         PAGE  1


LOC  OBJECT CODE     LINE SOURCE TEXT
  VALUE

Warning[205]: Found directive in column 1. (processor)
Warning[215]: Processor superseded by command line.  Verify processor symbol.
                      00001 processor 16f877A
Warning[205]: Found directive in column 1. (include)
                      00002 include <p16f877a.inc>
                      00001         LIST
                      00002 
                      00003 ;==========================================================================
                      00004 ;  MPASM PIC16F877A processor include
                      00005 ; 
                      00006 ;  (c) Copyright 1999-2013 Microchip Technology, All rights reserved
                      00007 ;==========================================================================
                      00008 
Message[301]: MESSAGE: (Processor-header file mismatch.  Verify selected processor.)
                      00566         LIST
                      00003 
                      00004 ;Variables para el retraso.
  00000021            00005 valor1  equ     h'21'
  00000022            00006 valor2  equ     h'22'
  00000023            00007 valor3  equ     h'23'
  00000020            00008 cte1    equ     20h
  00000090            00009 cte2    equ     90h
  00000090            00010 cte3    equ     90h
                      00011 
                      00012 
                      00013 
0000                  00014                 org 0h
0000   2805           00015                 goto INICIO
0005                  00016                 org 05h
                      00017 
                      00018 
0005                  00019 INICIO:
0005   0185           00020                 clrf    PORTA
0006   1683           00021                 bsf             STATUS, RP0
0007   1303           00022                 bcf     STATUS, RP1
0008   3000           00023                 movlw   h'0'
Message[302]: Register in operand not in bank 0.  Ensure that bank bits are correct.
0009   0086           00024                 movwf   TRISB
000A   0186           00025                 clrf    PORTB
                      00026 
000B   3006           00027                 movlw   06h
Message[302]: Register in operand not in bank 0.  Ensure that bank bits are correct.
000C   009F           00028                 movwf   ADCON1
000D   303F           00029                 movlw   3fh
Message[302]: Register in operand not in bank 0.  Ensure that bank bits are correct.
000E   0085           00030                 movwf   TRISA
000F   1283           00031                 bcf             STATUS, RP0
                      00032                 
0010                  00033 CICLO:
0010   0805           00034                 movfw   PORTA
0011   3A00           00035                 xorlw   B'000000'
0012   1903           00036                 btfsc   STATUS, Z
0013   283E           00037                 goto    APG
MPASM  5.50                            E2.ASM   7-22-2021  12:03:32         PAGE  2


LOC  OBJECT CODE     LINE SOURCE TEXT
  VALUE

                      00038 
0014   0805           00039                 movfw   PORTA
0015   3A01           00040                 xorlw   B'000001'
0016   1903           00041                 btfsc   STATUS, Z
0017   2841           00042                 goto    UNOS
                      00043 
0018   0805           00044                 movfw   PORTA
0019   3A02           00045                 xorlw   B'000010'
001A   1903           00046                 btfsc   STATUS, Z
001B   2844           00047                 goto    DER
                      00048 
001C   0805           00049                 movfw   PORTA
001D   3A03           00050                 xorlw   B'000011'
001E   1903           00051                 btfsc   STATUS, Z
001F   284C           00052                 goto    IZQ
                      00053 
0020   0805           00054                 movfw   PORTA
0021   3A04           00055                 xorlw   B'000100'
0022   1903           00056                 btfsc   STATUS, Z
0023   2828           00057                 goto    DERIZQ
                      00058 
0024   0805           00059                 movfw   PORTA
0025   3A05           00060                 xorlw   B'000101'
0026   1903           00061                 btfsc   STATUS, Z
0027   2837           00062                 goto    ENCAPG
                      00063 
                      00064 
                      00065         
                      00066 
0028                  00067 DERIZQ:
0028   3080           00068                 movlw   h'80'
0029   0086           00069                 movwf   PORTB
002A   2053           00070                 call    retardo
                      00071 
002B                  00072 DER2:
002B   0C86           00073                 rrf             PORTB, 1
002C   2053           00074                 call    retardo
002D   1C06           00075                 btfss   PORTB, 0
002E   282B           00076                 goto    DER2
002F   3001           00077                 movlw   h'01'
0030   0086           00078                 movwf   PORTB
0031   2053           00079                 call    retardo
                      00080 
0032                  00081 IZQ2:
0032   0D86           00082                 rlf             PORTB, 1
0033   2053           00083                 call    retardo
0034   1F86           00084                 btfss   PORTB, 7
0035   2832           00085                 goto    IZQ2
0036   2810           00086                 goto    CICLO
                      00087 
                      00088 
                      00089 
0037                  00090 ENCAPG:
MPASM  5.50                            E2.ASM   7-22-2021  12:03:32         PAGE  3


LOC  OBJECT CODE     LINE SOURCE TEXT
  VALUE

0037   3000           00091                 movlw   h'00'
0038   0086           00092                 movwf   PORTB
0039   2053           00093                 call    retardo
003A   30FF           00094                 movlw   h'FF'
003B   0086           00095                 movwf   PORTB
003C   2053           00096                 call    retardo
003D   2810           00097                 goto    CICLO
                      00098 
003E                  00099 APG:
003E   3000           00100                 movlw   h'00'
003F   0086           00101                 MOVWF   PORTB
0040   2810           00102                 goto    CICLO
                      00103         
0041                  00104 UNOS:
0041   30FF           00105                 movlw   h'ff'
0042   0086           00106                 movwf   PORTB
0043   2810           00107                 goto    CICLO
                      00108 
0044                  00109 DER:
0044   3080           00110                 movlw   h'80'
0045   0086           00111                 movwf   PORTB
0046   2053           00112                 call    retardo
                      00113 
0047                  00114 DER1:
0047   0C86           00115                 rrf             PORTB, 1
0048   2053           00116                 call    retardo
0049   1C06           00117                 btfss   PORTB, 0
004A   2847           00118                 goto    DER1
004B   2810           00119                 goto    CICLO
                      00120 
004C                  00121 IZQ:
004C   3001           00122                 movlw   h'01'
004D   0086           00123                 movwf   PORTB
004E                  00124 IZQ1:
004E   0D86           00125                 rlf             PORTB, 1
004F   2053           00126                 call    retardo
0050   1F86           00127                 btfss   PORTB, 7
0051   284E           00128                 goto IZQ1
0052   2810           00129                 goto CICLO
                      00130                 
                      00131 
0053                  00132 retardo:
0053   3020           00133                 movlw   cte1
0054   00A1           00134                 movwf   valor1
0055                  00135 tres:
Warning[219]: Invalid RAM location specified.
Message[302]: Register in operand not in bank 0.  Ensure that bank bits are correct.
0055   0090           00136                 movwf   cte2
0056   00A2           00137                 movwf   valor2
0057                  00138 dos:
Warning[219]: Invalid RAM location specified.
Message[302]: Register in operand not in bank 0.  Ensure that bank bits are correct.
0057   0090           00139                 movwf   cte3
MPASM  5.50                            E2.ASM   7-22-2021  12:03:32         PAGE  4


LOC  OBJECT CODE     LINE SOURCE TEXT
  VALUE

0058   00A3           00140                 movwf   valor3
0059                  00141 uno:
Message[305]: Using default destination of 1 (file).
0059   0BA3           00142                 decfsz  valor3
005A   2859           00143                 goto    uno
Message[305]: Using default destination of 1 (file).
005B   0BA2           00144                 decfsz  valor2
005C   2857           00145                 goto    dos
Message[305]: Using default destination of 1 (file).
005D   0BA1           00146                 decfsz  valor1
005E   2855           00147                 goto    tres
                      00148 
                      00149 
005F   0008           00150                 return
                      00151                 end
MPASM  5.50                            E2.ASM   7-22-2021  12:03:32         PAGE  5


SYMBOL TABLE
  LABEL                             VALUE 

ACKDT                             00000005
ACKEN                             00000004
ACKSTAT                           00000006
ADCON0                            0000001F
ADCON1                            0000009F
ADCS0                             00000006
ADCS1                             00000007
ADCS2                             00000006
ADDEN                             00000003
ADFM                              00000007
ADIE                              00000006
ADIF                              00000006
ADON                              00000000
ADRESH                            0000001E
ADRESL                            0000009E
APG                               0000003E
BCLIE                             00000003
BCLIF                             00000003
BF                                00000000
BRGH                              00000002
C                                 00000000
C1INV                             00000004
C1OUT                             00000006
C2INV                             00000005
C2OUT                             00000007
CCP1CON                           00000017
CCP1IE                            00000002
CCP1IF                            00000002
CCP1M0                            00000000
CCP1M1                            00000001
CCP1M2                            00000002
CCP1M3                            00000003
CCP1X                             00000005
CCP1Y                             00000004
CCP2CON                           0000001D
CCP2IE                            00000000
CCP2IF                            00000000
CCP2M0                            00000000
CCP2M1                            00000001
CCP2M2                            00000002
CCP2M3                            00000003
CCP2X                             00000005
CCP2Y                             00000004
CCPR1                             00000015
CCPR1H                            00000016
CCPR1L                            00000015
CCPR2                             0000001B
CCPR2H                            0000001C
CCPR2L                            0000001B
CHS0                              00000003
CHS1                              00000004
CHS2                              00000005
CICLO                             00000010
MPASM  5.50                            E2.ASM   7-22-2021  12:03:32         PAGE  6


SYMBOL TABLE
  LABEL                             VALUE 

CIS                               00000003
CKE                               00000006
CKP                               00000004
CM0                               00000000
CM1                               00000001
CM2                               00000002
CMCON                             0000009C
CMIE                              00000006
CMIF                              00000006
CREN                              00000004
CSRC                              00000007
CVR0                              00000000
CVR1                              00000001
CVR2                              00000002
CVR3                              00000003
CVRCON                            0000009D
CVREN                             00000007
CVROE                             00000006
CVRR                              00000005
D                                 00000005
DATA_ADDRESS                      00000005
DC                                00000001
DER                               00000044
DER1                              00000047
DER2                              0000002B
DERIZQ                            00000028
D_A                               00000005
D_NOT_A                           00000005
EEADR                             0000010D
EEADRH                            0000010F
EECON1                            0000018C
EECON2                            0000018D
EEDATA                            0000010C
EEDATH                            0000010E
EEIE                              00000004
EEIF                              00000004
EEPGD                             00000007
ENCAPG                            00000037
F                                 00000001
FERR                              00000002
FSR                               00000004
GCEN                              00000007
GIE                               00000007
GO                                00000002
GO_DONE                           00000002
GO_NOT_DONE                       00000002
I2C_DATA                          00000005
I2C_READ                          00000002
I2C_START                         00000003
I2C_STOP                          00000004
IBF                               00000007
IBOV                              00000005
INDF                              00000000
MPASM  5.50                            E2.ASM   7-22-2021  12:03:32         PAGE  7


SYMBOL TABLE
  LABEL                             VALUE 

INICIO                            00000005
INTCON                            0000000B
INTE                              00000004
INTEDG                            00000006
INTF                              00000001
IRP                               00000007
IZQ                               0000004C
IZQ1                              0000004E
IZQ2                              00000032
NOT_A                             00000005
NOT_ADDRESS                       00000005
NOT_BO                            00000000
NOT_BOR                           00000000
NOT_DONE                          00000002
NOT_PD                            00000003
NOT_POR                           00000001
NOT_RBPU                          00000007
NOT_RC8                           00000006
NOT_T1SYNC                        00000002
NOT_TO                            00000004
NOT_TX8                           00000006
NOT_W                             00000002
NOT_WRITE                         00000002
OBF                               00000006
OERR                              00000001
OPTION_REG                        00000081
P                                 00000004
PCFG0                             00000000
PCFG1                             00000001
PCFG2                             00000002
PCFG3                             00000003
PCL                               00000002
PCLATH                            0000000A
PCON                              0000008E
PEIE                              00000006
PEN                               00000002
PIE1                              0000008C
PIE2                              0000008D
PIR1                              0000000C
PIR2                              0000000D
PORTA                             00000005
PORTB                             00000006
PORTC                             00000007
PORTD                             00000008
PORTE                             00000009
PR2                               00000092
PS0                               00000000
PS1                               00000001
PS2                               00000002
PSA                               00000003
PSPIE                             00000007
PSPIF                             00000007
PSPMODE                           00000004
MPASM  5.50                            E2.ASM   7-22-2021  12:03:32         PAGE  8


SYMBOL TABLE
  LABEL                             VALUE 

R                                 00000002
RA0                               00000000
RA1                               00000001
RA2                               00000002
RA3                               00000003
RA4                               00000004
RA5                               00000005
RB0                               00000000
RB1                               00000001
RB2                               00000002
RB3                               00000003
RB4                               00000004
RB5                               00000005
RB6                               00000006
RB7                               00000007
RBIE                              00000003
RBIF                              00000000
RC0                               00000000
RC1                               00000001
RC2                               00000002
RC3                               00000003
RC4                               00000004
RC5                               00000005
RC6                               00000006
RC7                               00000007
RC8_9                             00000006
RC9                               00000006
RCD8                              00000000
RCEN                              00000003
RCIE                              00000005
RCIF                              00000005
RCREG                             0000001A
RCSTA                             00000018
RD                                00000000
RD0                               00000000
RD1                               00000001
RD2                               00000002
RD3                               00000003
RD4                               00000004
RD5                               00000005
RD6                               00000006
RD7                               00000007
RE0                               00000000
RE1                               00000001
RE2                               00000002
READ_WRITE                        00000002
RP0                               00000005
RP1                               00000006
RSEN                              00000001
RX9                               00000006
RX9D                              00000000
R_NOT_W                           00000002
R_W                               00000002
MPASM  5.50                            E2.ASM   7-22-2021  12:03:32         PAGE  9


SYMBOL TABLE
  LABEL                             VALUE 

S                                 00000003
SEN                               00000000
SMP                               00000007
SPBRG                             00000099
SPEN                              00000007
SREN                              00000005
SSPADD                            00000093
SSPBUF                            00000013
SSPCON                            00000014
SSPCON2                           00000091
SSPEN                             00000005
SSPIE                             00000003
SSPIF                             00000003
SSPM0                             00000000
SSPM1                             00000001
SSPM2                             00000002
SSPM3                             00000003
SSPOV                             00000006
SSPSTAT                           00000094
STATUS                            00000003
SYNC                              00000004
T0CS                              00000005
T0IE                              00000005
T0IF                              00000002
T0SE                              00000004
T1CKPS0                           00000004
T1CKPS1                           00000005
T1CON                             00000010
T1INSYNC                          00000002
T1OSCEN                           00000003
T1SYNC                            00000002
T2CKPS0                           00000000
T2CKPS1                           00000001
T2CON                             00000012
TMR0                              00000001
TMR0IE                            00000005
TMR0IF                            00000002
TMR1                              0000000E
TMR1CS                            00000001
TMR1H                             0000000F
TMR1IE                            00000000
TMR1IF                            00000000
TMR1L                             0000000E
TMR1ON                            00000000
TMR2                              00000011
TMR2IE                            00000001
TMR2IF                            00000001
TMR2ON                            00000002
TOUTPS0                           00000003
TOUTPS1                           00000004
TOUTPS2                           00000005
TOUTPS3                           00000006
TRISA                             00000085
MPASM  5.50                            E2.ASM   7-22-2021  12:03:32         PAGE 10


SYMBOL TABLE
  LABEL                             VALUE 

TRISA0                            00000000
TRISA1                            00000001
TRISA2                            00000002
TRISA3                            00000003
TRISA4                            00000004
TRISA5                            00000005
TRISB                             00000086
TRISB0                            00000000
TRISB1                            00000001
TRISB2                            00000002
TRISB3                            00000003
TRISB4                            00000004
TRISB5                            00000005
TRISB6                            00000006
TRISB7                            00000007
TRISC                             00000087
TRISC0                            00000000
TRISC1                            00000001
TRISC2                            00000002
TRISC3                            00000003
TRISC4                            00000004
TRISC5                            00000005
TRISC6                            00000006
TRISC7                            00000007
TRISD                             00000088
TRISD0                            00000000
TRISD1                            00000001
TRISD2                            00000002
TRISD3                            00000003
TRISD4                            00000004
TRISD5                            00000005
TRISD6                            00000006
TRISD7                            00000007
TRISE                             00000089
TRISE0                            00000000
TRISE1                            00000001
TRISE2                            00000002
TRMT                              00000001
TX8_9                             00000006
TX9                               00000006
TX9D                              00000000
TXD8                              00000000
TXEN                              00000005
TXIE                              00000004
TXIF                              00000004
TXREG                             00000019
TXSTA                             00000098
UA                                00000001
UNOS                              00000041
W                                 00000000
WCOL                              00000007
WR                                00000001
WREN                              00000002
MPASM  5.50                            E2.ASM   7-22-2021  12:03:32         PAGE 11


SYMBOL TABLE
  LABEL                             VALUE 

WRERR                             00000003
Z                                 00000002
_BODEN_OFF                        00003FBF
_BODEN_ON                         00003FFF
_BOREN_OFF                        00003FBF
_BOREN_ON                         00003FFF
_CONFIG                           00002007
_CPD_OFF                          00003FFF
_CPD_ON                           00003EFF
_CP_ALL                           00001FFF
_CP_OFF                           00003FFF
_CP_ON                            00001FFF
_DEBUG_OFF                        00003FFF
_DEBUG_ON                         000037FF
_DEVID1                           00002006
_FOSC_EXTRC                       00003FFF
_FOSC_HS                          00003FFE
_FOSC_LP                          00003FFC
_FOSC_XT                          00003FFD
_HS_OSC                           00003FFE
_IDLOC0                           00002000
_IDLOC1                           00002001
_IDLOC2                           00002002
_IDLOC3                           00002003
_LP_OSC                           00003FFC
_LVP_OFF                          00003F7F
_LVP_ON                           00003FFF
_PWRTE_OFF                        00003FFF
_PWRTE_ON                         00003FF7
_RC_OSC                           00003FFF
_WDTE_OFF                         00003FFB
_WDTE_ON                          00003FFF
_WDT_OFF                          00003FFB
_WDT_ON                           00003FFF
_WRT_1FOURTH                      00003BFF
_WRT_256                          00003DFF
_WRT_HALF                         000039FF
_WRT_OFF                          00003FFF
_XT_OSC                           00003FFD
__16F877                          00000001
cte1                              00000020
cte2                              00000090
cte3                              00000090
dos                               00000057
retardo                           00000053
tres                              00000055
uno                               00000059
valor1                            00000021
valor2                            00000022
valor3                            00000023
MPASM  5.50                            E2.ASM   7-22-2021  12:03:32         PAGE 12


MEMORY USAGE MAP ('X' = Used,  '-' = Unused)


0000 : X----XXXXXXXXXXX XXXXXXXXXXXXXXXX XXXXXXXXXXXXXXXX XXXXXXXXXXXXXXXX
0040 : XXXXXXXXXXXXXXXX XXXXXXXXXXXXXXXX ---------------- ----------------

All other memory blocks unused.

Program Memory Words Used:    92
Program Memory Words Free:  8100


Errors   :     0
Warnings :     5 reported,     0 suppressed
Messages :     9 reported,     0 suppressed

