Warning[205] C:\USERS\NARUT\ONEDRIVE\DOCUMENTOS\ESCUELA\MICROCOMPUTADORAS\LABORATORIO\PRCATICA 4 Y 5\EJERCICIO_2_5.ASM 1 : Found directive in column 1. (PROCESSOR)
Warning[215] C:\USERS\NARUT\ONEDRIVE\DOCUMENTOS\ESCUELA\MICROCOMPUTADORAS\LABORATORIO\PRCATICA 4 Y 5\EJERCICIO_2_5.ASM 1 : Processor superseded by command line.  Verify processor symbol.
Warning[205] C:\USERS\NARUT\ONEDRIVE\DOCUMENTOS\ESCUELA\MICROCOMPUTADORAS\LABORATORIO\PRCATICA 4 Y 5\EJERCICIO_2_5.ASM 2 : Found directive in column 1. (INCLUDE)
Message[301] C:\PROGRAM FILES (X86)\MICROCHIP\MPASM SUITE\P16F877A.INC 33 : MESSAGE: (Processor-header file mismatch.  Verify selected processor.)
Warning[205] C:\USERS\NARUT\ONEDRIVE\DOCUMENTOS\ESCUELA\MICROCOMPUTADORAS\LABORATORIO\PRCATICA 4 Y 5\EJERCICIO_2_5.ASM 28 : Found directive in column 1. (ORG)
Warning[203] C:\USERS\NARUT\ONEDRIVE\DOCUMENTOS\ESCUELA\MICROCOMPUTADORAS\LABORATORIO\PRCATICA 4 Y 5\EJERCICIO_2_5.ASM 29 : Found opcode in column 1. (GOTO)
Warning[205] C:\USERS\NARUT\ONEDRIVE\DOCUMENTOS\ESCUELA\MICROCOMPUTADORAS\LABORATORIO\PRCATICA 4 Y 5\EJERCICIO_2_5.ASM 30 : Found directive in column 1. (ORG)
Message[302] C:\USERS\NARUT\ONEDRIVE\DOCUMENTOS\ESCUELA\MICROCOMPUTADORAS\LABORATORIO\PRCATICA 4 Y 5\EJERCICIO_2_5.ASM 38 : Register in operand not in bank 0.  Ensure that bank bits are correct.
Message[302] C:\USERS\NARUT\ONEDRIVE\DOCUMENTOS\ESCUELA\MICROCOMPUTADORAS\LABORATORIO\PRCATICA 4 Y 5\EJERCICIO_2_5.ASM 41 : Register in operand not in bank 0.  Ensure that bank bits are correct.
Message[302] C:\USERS\NARUT\ONEDRIVE\DOCUMENTOS\ESCUELA\MICROCOMPUTADORAS\LABORATORIO\PRCATICA 4 Y 5\EJERCICIO_2_5.ASM 43 : Register in operand not in bank 0.  Ensure that bank bits are correct.
Warning[207] C:\USERS\NARUT\ONEDRIVE\DOCUMENTOS\ESCUELA\MICROCOMPUTADORAS\LABORATORIO\PRCATICA 4 Y 5\EJERCICIO_2_5.ASM 81 : Found label after column 1. (REGRESO)
Message[305] C:\USERS\NARUT\ONEDRIVE\DOCUMENTOS\ESCUELA\MICROCOMPUTADORAS\LABORATORIO\PRCATICA 4 Y 5\EJERCICIO_2_5.ASM 94 : Using default destination of 1 (file).
Warning[207] C:\USERS\NARUT\ONEDRIVE\DOCUMENTOS\ESCUELA\MICROCOMPUTADORAS\LABORATORIO\PRCATICA 4 Y 5\EJERCICIO_2_5.ASM 102 : Found label after column 1. (REGRESO2)
Message[305] C:\USERS\NARUT\ONEDRIVE\DOCUMENTOS\ESCUELA\MICROCOMPUTADORAS\LABORATORIO\PRCATICA 4 Y 5\EJERCICIO_2_5.ASM 115 : Using default destination of 1 (file).
Warning[207] C:\USERS\NARUT\ONEDRIVE\DOCUMENTOS\ESCUELA\MICROCOMPUTADORAS\LABORATORIO\PRCATICA 4 Y 5\EJERCICIO_2_5.ASM 123 : Found label after column 1. (REGRESO3)
Message[305] C:\USERS\NARUT\ONEDRIVE\DOCUMENTOS\ESCUELA\MICROCOMPUTADORAS\LABORATORIO\PRCATICA 4 Y 5\EJERCICIO_2_5.ASM 136 : Using default destination of 1 (file).
Warning[207] C:\USERS\NARUT\ONEDRIVE\DOCUMENTOS\ESCUELA\MICROCOMPUTADORAS\LABORATORIO\PRCATICA 4 Y 5\EJERCICIO_2_5.ASM 144 : Found label after column 1. (REGRESO4)
Message[305] C:\USERS\NARUT\ONEDRIVE\DOCUMENTOS\ESCUELA\MICROCOMPUTADORAS\LABORATORIO\PRCATICA 4 Y 5\EJERCICIO_2_5.ASM 157 : Using default destination of 1 (file).
Message[305] C:\USERS\NARUT\ONEDRIVE\DOCUMENTOS\ESCUELA\MICROCOMPUTADORAS\LABORATORIO\PRCATICA 4 Y 5\EJERCICIO_2_5.ASM 172 : Using default destination of 1 (file).
Message[305] C:\USERS\NARUT\ONEDRIVE\DOCUMENTOS\ESCUELA\MICROCOMPUTADORAS\LABORATORIO\PRCATICA 4 Y 5\EJERCICIO_2_5.ASM 174 : Using default destination of 1 (file).
Message[305] C:\USERS\NARUT\ONEDRIVE\DOCUMENTOS\ESCUELA\MICROCOMPUTADORAS\LABORATORIO\PRCATICA 4 Y 5\EJERCICIO_2_5.ASM 176 : Using default destination of 1 (file).
Message[305] C:\USERS\NARUT\ONEDRIVE\DOCUMENTOS\ESCUELA\MICROCOMPUTADORAS\LABORATORIO\PRCATICA 4 Y 5\EJERCICIO_2_5.ASM 190 : Using default destination of 1 (file).
Message[305] C:\USERS\NARUT\ONEDRIVE\DOCUMENTOS\ESCUELA\MICROCOMPUTADORAS\LABORATORIO\PRCATICA 4 Y 5\EJERCICIO_2_5.ASM 192 : Using default destination of 1 (file).
Message[305] C:\USERS\NARUT\ONEDRIVE\DOCUMENTOS\ESCUELA\MICROCOMPUTADORAS\LABORATORIO\PRCATICA 4 Y 5\EJERCICIO_2_5.ASM 194 : Using default destination of 1 (file).
Message[305] C:\USERS\NARUT\ONEDRIVE\DOCUMENTOS\ESCUELA\MICROCOMPUTADORAS\LABORATORIO\PRCATICA 4 Y 5\EJERCICIO_2_5.ASM 208 : Using default destination of 1 (file).
Message[305] C:\USERS\NARUT\ONEDRIVE\DOCUMENTOS\ESCUELA\MICROCOMPUTADORAS\LABORATORIO\PRCATICA 4 Y 5\EJERCICIO_2_5.ASM 210 : Using default destination of 1 (file).
Message[305] C:\USERS\NARUT\ONEDRIVE\DOCUMENTOS\ESCUELA\MICROCOMPUTADORAS\LABORATORIO\PRCATICA 4 Y 5\EJERCICIO_2_5.ASM 212 : Using default destination of 1 (file).
Warning[205] C:\USERS\NARUT\ONEDRIVE\DOCUMENTOS\ESCUELA\MICROCOMPUTADORAS\LABORATORIO\PRCATICA 4 Y 5\EJERCICIO_2_5.ASM 216 : Found directive in column 1. (END)
