MPASM  5.50                 EJERCICIO_1_5.ASM   7-21-2021  13:06:30         PAGE  1


LOC  OBJECT CODE     LINE SOURCE TEXT
  VALUE

Warning[205]: Found directive in column 1. (PROCESSOR)
Warning[215]: Processor superseded by command line.  Verify processor symbol.
                      00001 PROCESSOR 16F877A
Warning[205]: Found directive in column 1. (INCLUDE)
                      00002 INCLUDE <P16F877A.INC>
                      00001         LIST
                      00002 
                      00003 ;==========================================================================
                      00004 ;  MPASM PIC16F877A processor include
                      00005 ; 
                      00006 ;  (c) Copyright 1999-2013 Microchip Technology, All rights reserved
                      00007 ;==========================================================================
                      00008 
Message[301]: MESSAGE: (Processor-header file mismatch.  Verify selected processor.)
                      00566         LIST
                      00003 
Warning[205]: Found directive in column 1. (ORG)
0000                  00004 ORG 0
Warning[203]: Found opcode in column 1. (GOTO)
0000   2805           00005 GOTO INICIO
Warning[205]: Found directive in column 1. (ORG)
0005                  00006 ORG 5
                      00007 
0005                  00008 INICIO:
0005   0185           00009         CLRF PORTA ; Limpia los puertos A y B
0006   0186           00010         CLRF PORTB
0007   1683           00011         BSF STATUS,RP0
0008   1303           00012         BCF STATUS,RP1 ; Cambia al banco 1 de RAM
0009   3000           00013         MOVLW H'0'
Message[302]: Register in operand not in bank 0.  Ensure that bank bits are correct.
000A   0086           00014         MOVWF TRISB
000B   0186           00015         CLRF PORTB
000C   3006           00016         MOVLW H'06'
Message[302]: Register in operand not in bank 0.  Ensure that bank bits are correct.
000D   009F           00017         MOVWF ADCON1 ; Configura ADCON1
000E   303F           00018         MOVLW H'3F'
Message[302]: Register in operand not in bank 0.  Ensure that bank bits are correct.
000F   0085           00019         MOVWF TRISA
0010   1283           00020         BCF STATUS, RP0 ; Regresa al banco 0 de RAM
                      00021 
0011                  00022 CICLO:
                      00023 
0011   0805           00024         MOVFW PORTA
0012   3A00           00025         XORLW B'000000' ; La entrada es 0000?
0013   1903           00026         BTFSC STATUS,Z
0014   2835           00027         GOTO PP ; Se va al estado PAROPARO
                      00028 
0015   0805           00029         MOVFW PORTA
0016   3A01           00030         XORLW B'000001'
0017   1903           00031         BTFSC STATUS,Z
0018   2838           00032         GOTO PH
                      00033 
0019   0805           00034         MOVFW PORTA
MPASM  5.50                 EJERCICIO_1_5.ASM   7-21-2021  13:06:30         PAGE  2


LOC  OBJECT CODE     LINE SOURCE TEXT
  VALUE

001A   3A02           00035         XORLW B'000010'
001B   1903           00036         BTFSC STATUS,Z
001C   283B           00037         GOTO PA
                      00038 
001D   0805           00039         MOVFW PORTA
001E   3A03           00040         XORLW B'000011'
001F   1903           00041         BTFSC STATUS,Z
0020   283E           00042         GOTO HP
                      00043 
0021   0805           00044         MOVFW PORTA
0022   3A04           00045         XORLW B'000100'
0023   1903           00046         BTFSC STATUS,Z
0024   2841           00047         GOTO AP
                      00048 
0025   0805           00049         MOVFW PORTA
0026   3A05           00050         XORLW B'000101'
0027   1903           00051         BTFSC STATUS,Z
0028   2844           00052         GOTO HH
                      00053 
0029   0805           00054         MOVFW PORTA
002A   3A06           00055         XORLW B'000110'
002B   1903           00056         BTFSC STATUS,Z
002C   2847           00057         GOTO AA
                      00058 
002D   0805           00059         MOVFW PORTA
002E   3A07           00060         XORLW B'000111'
002F   1903           00061         BTFSC STATUS,Z
0030   284A           00062         GOTO HA
                      00063 
0031   0805           00064         MOVFW PORTA
0032   3A08           00065         XORLW B'001000'
0033   1903           00066         BTFSC STATUS,Z
0034   284D           00067         GOTO AH
                      00068 
0035                  00069 PP:
0035   3000           00070         MOVLW B'00000000'
0036   0086           00071         MOVWF PORTB     
0037   2811           00072         GOTO CICLO
                      00073 
0038                  00074 PH:
0038   3005           00075         MOVLW B'00000101'
0039   0086           00076         MOVWF PORTB
003A   2811           00077         GOTO CICLO
                      00078 
003B                  00079 PA:
003B   3006           00080         MOVLW B'00000110'
003C   0086           00081         MOVWF PORTB
003D   2811           00082         GOTO CICLO
                      00083 
003E                  00084 HP:
003E   3018           00085         MOVLW B'00011000'
003F   0086           00086         MOVWF PORTB     
0040   2811           00087         GOTO CICLO
MPASM  5.50                 EJERCICIO_1_5.ASM   7-21-2021  13:06:30         PAGE  3


LOC  OBJECT CODE     LINE SOURCE TEXT
  VALUE

                      00088 
0041                  00089 AP:
0041   3028           00090         MOVLW B'00101000'
0042   0086           00091         MOVWF PORTB
0043   2811           00092         GOTO CICLO
                      00093 
0044                  00094 HH:
0044   301D           00095         MOVLW B'00011101'
0045   0086           00096         MOVWF PORTB
0046   2811           00097         GOTO CICLO
                      00098 
0047                  00099 AA:
0047   302E           00100         MOVLW B'00101110'
0048   0086           00101         MOVWF PORTB
0049   2811           00102         GOTO CICLO
                      00103 
004A                  00104 HA:
004A   301E           00105         MOVLW B'00011110'
004B   0086           00106         MOVWF PORTB
004C   2811           00107         GOTO CICLO
                      00108 
004D                  00109 AH:
004D   302D           00110         MOVLW B'00101101'
004E   0086           00111         MOVWF PORTB
004F   2811           00112         GOTO CICLO
                      00113 
Warning[205]: Found directive in column 1. (END)
                      00114 END
MPASM  5.50                 EJERCICIO_1_5.ASM   7-21-2021  13:06:30         PAGE  4


SYMBOL TABLE
  LABEL                             VALUE 

AA                                00000047
ACKDT                             00000005
ACKEN                             00000004
ACKSTAT                           00000006
ADCON0                            0000001F
ADCON1                            0000009F
ADCS0                             00000006
ADCS1                             00000007
ADCS2                             00000006
ADDEN                             00000003
ADFM                              00000007
ADIE                              00000006
ADIF                              00000006
ADON                              00000000
ADRESH                            0000001E
ADRESL                            0000009E
AH                                0000004D
AP                                00000041
BCLIE                             00000003
BCLIF                             00000003
BF                                00000000
BRGH                              00000002
C                                 00000000
C1INV                             00000004
C1OUT                             00000006
C2INV                             00000005
C2OUT                             00000007
CCP1CON                           00000017
CCP1IE                            00000002
CCP1IF                            00000002
CCP1M0                            00000000
CCP1M1                            00000001
CCP1M2                            00000002
CCP1M3                            00000003
CCP1X                             00000005
CCP1Y                             00000004
CCP2CON                           0000001D
CCP2IE                            00000000
CCP2IF                            00000000
CCP2M0                            00000000
CCP2M1                            00000001
CCP2M2                            00000002
CCP2M3                            00000003
CCP2X                             00000005
CCP2Y                             00000004
CCPR1                             00000015
CCPR1H                            00000016
CCPR1L                            00000015
CCPR2                             0000001B
CCPR2H                            0000001C
CCPR2L                            0000001B
CHS0                              00000003
CHS1                              00000004
MPASM  5.50                 EJERCICIO_1_5.ASM   7-21-2021  13:06:30         PAGE  5


SYMBOL TABLE
  LABEL                             VALUE 

CHS2                              00000005
CICLO                             00000011
CIS                               00000003
CKE                               00000006
CKP                               00000004
CM0                               00000000
CM1                               00000001
CM2                               00000002
CMCON                             0000009C
CMIE                              00000006
CMIF                              00000006
CREN                              00000004
CSRC                              00000007
CVR0                              00000000
CVR1                              00000001
CVR2                              00000002
CVR3                              00000003
CVRCON                            0000009D
CVREN                             00000007
CVROE                             00000006
CVRR                              00000005
D                                 00000005
DATA_ADDRESS                      00000005
DC                                00000001
D_A                               00000005
D_NOT_A                           00000005
EEADR                             0000010D
EEADRH                            0000010F
EECON1                            0000018C
EECON2                            0000018D
EEDATA                            0000010C
EEDATH                            0000010E
EEIE                              00000004
EEIF                              00000004
EEPGD                             00000007
F                                 00000001
FERR                              00000002
FSR                               00000004
GCEN                              00000007
GIE                               00000007
GO                                00000002
GO_DONE                           00000002
GO_NOT_DONE                       00000002
HA                                0000004A
HH                                00000044
HP                                0000003E
I2C_DATA                          00000005
I2C_READ                          00000002
I2C_START                         00000003
I2C_STOP                          00000004
IBF                               00000007
IBOV                              00000005
INDF                              00000000
MPASM  5.50                 EJERCICIO_1_5.ASM   7-21-2021  13:06:30         PAGE  6


SYMBOL TABLE
  LABEL                             VALUE 

INICIO                            00000005
INTCON                            0000000B
INTE                              00000004
INTEDG                            00000006
INTF                              00000001
IRP                               00000007
NOT_A                             00000005
NOT_ADDRESS                       00000005
NOT_BO                            00000000
NOT_BOR                           00000000
NOT_DONE                          00000002
NOT_PD                            00000003
NOT_POR                           00000001
NOT_RBPU                          00000007
NOT_RC8                           00000006
NOT_T1SYNC                        00000002
NOT_TO                            00000004
NOT_TX8                           00000006
NOT_W                             00000002
NOT_WRITE                         00000002
OBF                               00000006
OERR                              00000001
OPTION_REG                        00000081
P                                 00000004
PA                                0000003B
PCFG0                             00000000
PCFG1                             00000001
PCFG2                             00000002
PCFG3                             00000003
PCL                               00000002
PCLATH                            0000000A
PCON                              0000008E
PEIE                              00000006
PEN                               00000002
PH                                00000038
PIE1                              0000008C
PIE2                              0000008D
PIR1                              0000000C
PIR2                              0000000D
PORTA                             00000005
PORTB                             00000006
PORTC                             00000007
PORTD                             00000008
PORTE                             00000009
PP                                00000035
PR2                               00000092
PS0                               00000000
PS1                               00000001
PS2                               00000002
PSA                               00000003
PSPIE                             00000007
PSPIF                             00000007
PSPMODE                           00000004
MPASM  5.50                 EJERCICIO_1_5.ASM   7-21-2021  13:06:30         PAGE  7


SYMBOL TABLE
  LABEL                             VALUE 

R                                 00000002
RA0                               00000000
RA1                               00000001
RA2                               00000002
RA3                               00000003
RA4                               00000004
RA5                               00000005
RB0                               00000000
RB1                               00000001
RB2                               00000002
RB3                               00000003
RB4                               00000004
RB5                               00000005
RB6                               00000006
RB7                               00000007
RBIE                              00000003
RBIF                              00000000
RC0                               00000000
RC1                               00000001
RC2                               00000002
RC3                               00000003
RC4                               00000004
RC5                               00000005
RC6                               00000006
RC7                               00000007
RC8_9                             00000006
RC9                               00000006
RCD8                              00000000
RCEN                              00000003
RCIE                              00000005
RCIF                              00000005
RCREG                             0000001A
RCSTA                             00000018
RD                                00000000
RD0                               00000000
RD1                               00000001
RD2                               00000002
RD3                               00000003
RD4                               00000004
RD5                               00000005
RD6                               00000006
RD7                               00000007
RE0                               00000000
RE1                               00000001
RE2                               00000002
READ_WRITE                        00000002
RP0                               00000005
RP1                               00000006
RSEN                              00000001
RX9                               00000006
RX9D                              00000000
R_NOT_W                           00000002
R_W                               00000002
MPASM  5.50                 EJERCICIO_1_5.ASM   7-21-2021  13:06:30         PAGE  8


SYMBOL TABLE
  LABEL                             VALUE 

S                                 00000003
SEN                               00000000
SMP                               00000007
SPBRG                             00000099
SPEN                              00000007
SREN                              00000005
SSPADD                            00000093
SSPBUF                            00000013
SSPCON                            00000014
SSPCON2                           00000091
SSPEN                             00000005
SSPIE                             00000003
SSPIF                             00000003
SSPM0                             00000000
SSPM1                             00000001
SSPM2                             00000002
SSPM3                             00000003
SSPOV                             00000006
SSPSTAT                           00000094
STATUS                            00000003
SYNC                              00000004
T0CS                              00000005
T0IE                              00000005
T0IF                              00000002
T0SE                              00000004
T1CKPS0                           00000004
T1CKPS1                           00000005
T1CON                             00000010
T1INSYNC                          00000002
T1OSCEN                           00000003
T1SYNC                            00000002
T2CKPS0                           00000000
T2CKPS1                           00000001
T2CON                             00000012
TMR0                              00000001
TMR0IE                            00000005
TMR0IF                            00000002
TMR1                              0000000E
TMR1CS                            00000001
TMR1H                             0000000F
TMR1IE                            00000000
TMR1IF                            00000000
TMR1L                             0000000E
TMR1ON                            00000000
TMR2                              00000011
TMR2IE                            00000001
TMR2IF                            00000001
TMR2ON                            00000002
TOUTPS0                           00000003
TOUTPS1                           00000004
TOUTPS2                           00000005
TOUTPS3                           00000006
TRISA                             00000085
MPASM  5.50                 EJERCICIO_1_5.ASM   7-21-2021  13:06:30         PAGE  9


SYMBOL TABLE
  LABEL                             VALUE 

TRISA0                            00000000
TRISA1                            00000001
TRISA2                            00000002
TRISA3                            00000003
TRISA4                            00000004
TRISA5                            00000005
TRISB                             00000086
TRISB0                            00000000
TRISB1                            00000001
TRISB2                            00000002
TRISB3                            00000003
TRISB4                            00000004
TRISB5                            00000005
TRISB6                            00000006
TRISB7                            00000007
TRISC                             00000087
TRISC0                            00000000
TRISC1                            00000001
TRISC2                            00000002
TRISC3                            00000003
TRISC4                            00000004
TRISC5                            00000005
TRISC6                            00000006
TRISC7                            00000007
TRISD                             00000088
TRISD0                            00000000
TRISD1                            00000001
TRISD2                            00000002
TRISD3                            00000003
TRISD4                            00000004
TRISD5                            00000005
TRISD6                            00000006
TRISD7                            00000007
TRISE                             00000089
TRISE0                            00000000
TRISE1                            00000001
TRISE2                            00000002
TRMT                              00000001
TX8_9                             00000006
TX9                               00000006
TX9D                              00000000
TXD8                              00000000
TXEN                              00000005
TXIE                              00000004
TXIF                              00000004
TXREG                             00000019
TXSTA                             00000098
UA                                00000001
W                                 00000000
WCOL                              00000007
WR                                00000001
WREN                              00000002
WRERR                             00000003
MPASM  5.50                 EJERCICIO_1_5.ASM   7-21-2021  13:06:30         PAGE 10


SYMBOL TABLE
  LABEL                             VALUE 

Z                                 00000002
_BODEN_OFF                        00003FBF
_BODEN_ON                         00003FFF
_BOREN_OFF                        00003FBF
_BOREN_ON                         00003FFF
_CONFIG                           00002007
_CPD_OFF                          00003FFF
_CPD_ON                           00003EFF
_CP_ALL                           00001FFF
_CP_OFF                           00003FFF
_CP_ON                            00001FFF
_DEBUG_OFF                        00003FFF
_DEBUG_ON                         000037FF
_DEVID1                           00002006
_FOSC_EXTRC                       00003FFF
_FOSC_HS                          00003FFE
_FOSC_LP                          00003FFC
_FOSC_XT                          00003FFD
_HS_OSC                           00003FFE
_IDLOC0                           00002000
_IDLOC1                           00002001
_IDLOC2                           00002002
_IDLOC3                           00002003
_LP_OSC                           00003FFC
_LVP_OFF                          00003F7F
_LVP_ON                           00003FFF
_PWRTE_OFF                        00003FFF
_PWRTE_ON                         00003FF7
_RC_OSC                           00003FFF
_WDTE_OFF                         00003FFB
_WDTE_ON                          00003FFF
_WDT_OFF                          00003FFB
_WDT_ON                           00003FFF
_WRT_1FOURTH                      00003BFF
_WRT_256                          00003DFF
_WRT_HALF                         000039FF
_WRT_OFF                          00003FFF
_XT_OSC                           00003FFD
__16F877                          00000001


MEMORY USAGE MAP ('X' = Used,  '-' = Unused)

0000 : X----XXXXXXXXXXX XXXXXXXXXXXXXXXX XXXXXXXXXXXXXXXX XXXXXXXXXXXXXXXX
0040 : XXXXXXXXXXXXXXXX ---------------- ---------------- ----------------

All other memory blocks unused.

Program Memory Words Used:    76
Program Memory Words Free:  8116

MPASM  5.50                 EJERCICIO_1_5.ASM   7-21-2021  13:06:30         PAGE 11






Errors   :     0
Warnings :     7 reported,     0 suppressed
Messages :     4 reported,     0 suppressed

