MPASM  5.50                 EJERCICIO_2_5.ASM   7-22-2021  12:26:53         PAGE  1


LOC  OBJECT CODE     LINE SOURCE TEXT
  VALUE

Warning[205]: Found directive in column 1. (PROCESSOR)
Warning[215]: Processor superseded by command line.  Verify processor symbol.
                      00001 PROCESSOR 16F877A
Warning[205]: Found directive in column 1. (INCLUDE)
                      00002 INCLUDE <P16F877A.INC>
                      00001         LIST
                      00002 
                      00003 ;==========================================================================
                      00004 ;  MPASM PIC16F877A processor include
                      00005 ; 
                      00006 ;  (c) Copyright 1999-2013 Microchip Technology, All rights reserved
                      00007 ;==========================================================================
                      00008 
Message[301]: MESSAGE: (Processor-header file mismatch.  Verify selected processor.)
                      00566         LIST
                      00003 
  00000021            00004 V1 EQU H'21'
  00000022            00005 V2 EQU H'22'
  00000023            00006 V3 EQU H'23'
                      00007 
  00000024            00008 V4 EQU H'24'
  00000025            00009 V5 EQU H'25'
                      00010 
  00000010            00011 C1 EQU 10H
  00000010            00012 C2 EQU 10H
  00000020            00013 C3 EQU 20H
                      00014 
  00000050            00015 C6 EQU 50H
  00000050            00016 C7 EQU 50H
  00000050            00017 C8 EQU 50H
                      00018 
  00000020            00019 C9 EQU 20H
  00000020            00020 C10 EQU 20H
  00000020            00021 C11 EQU 20H
                      00022 
  0000000C            00023 D1 EQU 0XC
  00000018            00024 D2 EQU 0X18
  00000005            00025 D3 EQU 0X5
  0000000A            00026 D4 EQU 0XA
                      00027 
Warning[205]: Found directive in column 1. (ORG)
0000                  00028 ORG 0
Warning[203]: Found opcode in column 1. (GOTO)
0000   2805           00029 GOTO INICIO
Warning[205]: Found directive in column 1. (ORG)
0005                  00030 ORG 5
                      00031 
0005                  00032 INICIO:
0005   0185           00033         CLRF PORTA ; Limpia los puertos A y B
0006   0186           00034         CLRF PORTB
0007   1683           00035         BSF STATUS,RP0
0008   1303           00036         BCF STATUS,RP1 ; Cambia al banco 1 de RAM
0009   3000           00037         MOVLW H'0'
MPASM  5.50                 EJERCICIO_2_5.ASM   7-22-2021  12:26:53         PAGE  2


LOC  OBJECT CODE     LINE SOURCE TEXT
  VALUE

Message[302]: Register in operand not in bank 0.  Ensure that bank bits are correct.
000A   0086           00038         MOVWF TRISB
000B   0186           00039         CLRF PORTB
000C   3006           00040         MOVLW H'06'
Message[302]: Register in operand not in bank 0.  Ensure that bank bits are correct.
000D   009F           00041         MOVWF ADCON1 ; Configura ADCON1
000E   303F           00042         MOVLW H'3F'
Message[302]: Register in operand not in bank 0.  Ensure that bank bits are correct.
000F   0085           00043         MOVWF TRISA
0010   1283           00044         BCF STATUS, RP0 ; Regresa al banco 0 de RAM
                      00045 
0011                  00046 CICLO:
                      00047 
0011   0805           00048         MOVFW PORTA
0012   3A00           00049         XORLW B'000000' ; La entrada es 0000?
0013   1903           00050         BTFSC STATUS,Z
0014   2825           00051         GOTO DETENIDO ; Se va al estado PAROPARO
                      00052 
0015   0805           00053         MOVFW PORTA
0016   3A01           00054         XORLW B'000001'
0017   1903           00055         BTFSC STATUS,Z
0018   2828           00056         GOTO HORARIO5
                      00057 
0019   0805           00058         MOVFW PORTA
001A   3A02           00059         XORLW B'000010'
001B   1903           00060         BTFSC STATUS,Z
001C   283A           00061         GOTO ANTI10
                      00062 
001D   0805           00063         MOVFW PORTA
001E   3A03           00064         XORLW B'000011'
001F   1903           00065         BTFSC STATUS,Z
0020   284C           00066         GOTO VUELTAS5
                      00067 
0021   0805           00068         MOVFW PORTA
0022   3A04           00069         XORLW B'000100'
0023   1903           00070         BTFSC STATUS,Z
0024   285E           00071         GOTO ANTIVUELTAS10
                      00072 
0025                  00073 DETENIDO:
0025   3000           00074         MOVLW B'00000000'
0026   0086           00075         MOVWF PORTB     
0027   2811           00076         GOTO CICLO
                      00077 
0028                  00078 HORARIO5:       
0028   300C           00079                 MOVLW D1
0029   00A4           00080                 MOVWF V4
Warning[207]: Found label after column 1. (REGRESO)
002A                  00081         REGRESO:
002A   300C           00082                 MOVLW B'000001100'
002B   0086           00083                 MOVWF PORTB
002C   2070           00084         CALL RETARDO
002D   3006           00085                 MOVLW B'00000110'
002E   0086           00086                 MOVWF PORTB
MPASM  5.50                 EJERCICIO_2_5.ASM   7-22-2021  12:26:53         PAGE  3


LOC  OBJECT CODE     LINE SOURCE TEXT
  VALUE

002F   2070           00087         CALL RETARDO
0030   3003           00088                 MOVLW B'00000011'
0031   0086           00089                 MOVWF PORTB
0032   2070           00090         CALL RETARDO
0033   3009           00091                 MOVLW B'00001001'
0034   0086           00092                 MOVWF PORTB
0035   2070           00093         CALL RETARDO
Message[305]: Using default destination of 1 (file).
0036   0BA4           00094                 DECFSZ V4
0037   282A           00095                 GOTO REGRESO
0038   207D           00096                 CALL ESPERAR
0039   2811           00097                 GOTO CICLO
                      00098 
003A                  00099 ANTI10:
003A   3018           00100                 MOVLW D2
003B   00A4           00101                 MOVWF V4
Warning[207]: Found label after column 1. (REGRESO2)
003C                  00102         REGRESO2:
003C   300C           00103                 MOVLW B'00001100'
003D   0086           00104                 MOVWF PORTB
003E   2070           00105         CALL RETARDO
003F   3006           00106                 MOVLW B'00000110'
0040   0086           00107                 MOVWF PORTB
0041   2070           00108         CALL RETARDO
0042   3003           00109                 MOVLW B'00000011'
0043   0086           00110                 MOVWF PORTB
0044   2070           00111         CALL RETARDO
0045   3009           00112                 MOVLW B'00001001'
0046   0086           00113                 MOVWF PORTB
0047   2070           00114         CALL RETARDO
Message[305]: Using default destination of 1 (file).
0048   0BA4           00115                 DECFSZ V4
0049   283C           00116                 GOTO REGRESO2
004A   207D           00117                 CALL ESPERAR
004B   2811           00118         GOTO CICLO
                      00119 
004C                  00120 VUELTAS5:
004C   3005           00121                 MOVLW D3
004D   00A4           00122                 MOVWF V4
Warning[207]: Found label after column 1. (REGRESO3)
004E                  00123         REGRESO3:
004E   300C           00124                 MOVLW B'00001100'
004F   0086           00125                 MOVWF PORTB
0050   208A           00126         CALL ESPERAR2
0051   3006           00127                 MOVLW B'00000110'
0052   0086           00128                 MOVWF PORTB
0053   208A           00129         CALL ESPERAR2
0054   3003           00130                 MOVLW B'00000011'
0055   0086           00131                 MOVWF PORTB
0056   208A           00132         CALL ESPERAR2
0057   3009           00133                 MOVLW B'00001001'
0058   0086           00134                 MOVWF PORTB
0059   208A           00135         CALL ESPERAR2
MPASM  5.50                 EJERCICIO_2_5.ASM   7-22-2021  12:26:53         PAGE  4


LOC  OBJECT CODE     LINE SOURCE TEXT
  VALUE

Message[305]: Using default destination of 1 (file).
005A   0BA4           00136                 DECFSZ V4
005B   284E           00137                 GOTO REGRESO3
005C   207D           00138                 CALL ESPERAR
005D   2811           00139         GOTO CICLO
                      00140 
005E                  00141 ANTIVUELTAS10:
005E   300A           00142                 MOVLW D4
005F   00A4           00143                 MOVWF V4
Warning[207]: Found label after column 1. (REGRESO4)
0060                  00144         REGRESO4
0060   3003           00145                 MOVLW B'00000011'
0061   0086           00146                 MOVWF PORTB
0062   208A           00147         CALL ESPERAR2
0063   3006           00148                 MOVLW B'00000110'
0064   0086           00149                 MOVWF PORTB
0065   208A           00150         CALL ESPERAR2
0066   300C           00151                 MOVLW B'00001100'
0067   0086           00152                 MOVWF PORTB
0068   208A           00153         CALL ESPERAR2
0069   3009           00154                 MOVLW B'00001001'
006A   0086           00155                 MOVWF PORTB
006B   208A           00156         CALL ESPERAR2
Message[305]: Using default destination of 1 (file).
006C   0BA4           00157                 DECFSZ V4
006D   2860           00158                 GOTO REGRESO4
006E   207D           00159                 CALL ESPERAR
006F   2811           00160         GOTO CICLO
                      00161 
0070                  00162 RETARDO:
0070   3010           00163         MOVLW C1
0071   00A1           00164         MOVWF V1
0072                  00165 TRES:
0072   3010           00166         MOVLW C2
0073   00A2           00167         MOVWF V2
0074                  00168 DOS:
0074   3020           00169         MOVLW C3
0075   00A3           00170         MOVWF V3
0076                  00171 UNO:
Message[305]: Using default destination of 1 (file).
0076   0BA3           00172         DECFSZ V3
0077   2876           00173         GOTO UNO
Message[305]: Using default destination of 1 (file).
0078   0BA2           00174         DECFSZ V2
0079   2874           00175         GOTO DOS
Message[305]: Using default destination of 1 (file).
007A   0BA1           00176         DECFSZ V1
007B   2872           00177         GOTO TRES
007C   0008           00178         RETURN
                      00179 
007D                  00180 ESPERAR:
007D   3050           00181         MOVLW C6
007E   00A1           00182         MOVWF V1
MPASM  5.50                 EJERCICIO_2_5.ASM   7-22-2021  12:26:53         PAGE  5


LOC  OBJECT CODE     LINE SOURCE TEXT
  VALUE

007F                  00183 E_TRES:
007F   3050           00184         MOVLW C7
0080   00A2           00185         MOVWF V2
0081                  00186 E_DOS:
0081   3050           00187         MOVLW C8
0082   00A3           00188         MOVWF V3
0083                  00189 E_UNO:
Message[305]: Using default destination of 1 (file).
0083   0BA3           00190         DECFSZ V3
0084   2883           00191         GOTO E_UNO
Message[305]: Using default destination of 1 (file).
0085   0BA2           00192         DECFSZ V2
0086   2881           00193         GOTO E_DOS
Message[305]: Using default destination of 1 (file).
0087   0BA1           00194         DECFSZ V1
0088   287F           00195         GOTO E_TRES
0089   0008           00196         RETURN
                      00197 
008A                  00198 ESPERAR2:
008A   3020           00199         MOVLW C9
008B   00A1           00200         MOVWF V1
008C                  00201 E2_TRES:
008C   3020           00202         MOVLW C10
008D   00A2           00203         MOVWF V2
008E                  00204 E2_DOS:
008E   3020           00205         MOVLW C11
008F   00A3           00206         MOVWF V3
0090                  00207 E2_UNO:
Message[305]: Using default destination of 1 (file).
0090   0BA3           00208         DECFSZ V3
0091   2890           00209         GOTO E2_UNO
Message[305]: Using default destination of 1 (file).
0092   0BA2           00210         DECFSZ V2
0093   288E           00211         GOTO E2_DOS
Message[305]: Using default destination of 1 (file).
0094   0BA1           00212         DECFSZ V1
0095   288C           00213         GOTO E2_TRES
0096   0008           00214         RETURN
                      00215 
Warning[205]: Found directive in column 1. (END)
                      00216 END
MPASM  5.50                 EJERCICIO_2_5.ASM   7-22-2021  12:26:53         PAGE  6


SYMBOL TABLE
  LABEL                             VALUE 

ACKDT                             00000005
ACKEN                             00000004
ACKSTAT                           00000006
ADCON0                            0000001F
ADCON1                            0000009F
ADCS0                             00000006
ADCS1                             00000007
ADCS2                             00000006
ADDEN                             00000003
ADFM                              00000007
ADIE                              00000006
ADIF                              00000006
ADON                              00000000
ADRESH                            0000001E
ADRESL                            0000009E
ANTI10                            0000003A
ANTIVUELTAS10                     0000005E
BCLIE                             00000003
BCLIF                             00000003
BF                                00000000
BRGH                              00000002
C                                 00000000
C1                                00000010
C10                               00000020
C11                               00000020
C1INV                             00000004
C1OUT                             00000006
C2                                00000010
C2INV                             00000005
C2OUT                             00000007
C3                                00000020
C6                                00000050
C7                                00000050
C8                                00000050
C9                                00000020
CCP1CON                           00000017
CCP1IE                            00000002
CCP1IF                            00000002
CCP1M0                            00000000
CCP1M1                            00000001
CCP1M2                            00000002
CCP1M3                            00000003
CCP1X                             00000005
CCP1Y                             00000004
CCP2CON                           0000001D
CCP2IE                            00000000
CCP2IF                            00000000
CCP2M0                            00000000
CCP2M1                            00000001
CCP2M2                            00000002
CCP2M3                            00000003
CCP2X                             00000005
CCP2Y                             00000004
MPASM  5.50                 EJERCICIO_2_5.ASM   7-22-2021  12:26:53         PAGE  7


SYMBOL TABLE
  LABEL                             VALUE 

CCPR1                             00000015
CCPR1H                            00000016
CCPR1L                            00000015
CCPR2                             0000001B
CCPR2H                            0000001C
CCPR2L                            0000001B
CHS0                              00000003
CHS1                              00000004
CHS2                              00000005
CICLO                             00000011
CIS                               00000003
CKE                               00000006
CKP                               00000004
CM0                               00000000
CM1                               00000001
CM2                               00000002
CMCON                             0000009C
CMIE                              00000006
CMIF                              00000006
CREN                              00000004
CSRC                              00000007
CVR0                              00000000
CVR1                              00000001
CVR2                              00000002
CVR3                              00000003
CVRCON                            0000009D
CVREN                             00000007
CVROE                             00000006
CVRR                              00000005
D                                 00000005
D1                                0000000C
D2                                00000018
D3                                00000005
D4                                0000000A
DATA_ADDRESS                      00000005
DC                                00000001
DETENIDO                          00000025
DOS                               00000074
D_A                               00000005
D_NOT_A                           00000005
E2_DOS                            0000008E
E2_TRES                           0000008C
E2_UNO                            00000090
EEADR                             0000010D
EEADRH                            0000010F
EECON1                            0000018C
EECON2                            0000018D
EEDATA                            0000010C
EEDATH                            0000010E
EEIE                              00000004
EEIF                              00000004
EEPGD                             00000007
ESPERAR                           0000007D
MPASM  5.50                 EJERCICIO_2_5.ASM   7-22-2021  12:26:53         PAGE  8


SYMBOL TABLE
  LABEL                             VALUE 

ESPERAR2                          0000008A
E_DOS                             00000081
E_TRES                            0000007F
E_UNO                             00000083
F                                 00000001
FERR                              00000002
FSR                               00000004
GCEN                              00000007
GIE                               00000007
GO                                00000002
GO_DONE                           00000002
GO_NOT_DONE                       00000002
HORARIO5                          00000028
I2C_DATA                          00000005
I2C_READ                          00000002
I2C_START                         00000003
I2C_STOP                          00000004
IBF                               00000007
IBOV                              00000005
INDF                              00000000
INICIO                            00000005
INTCON                            0000000B
INTE                              00000004
INTEDG                            00000006
INTF                              00000001
IRP                               00000007
NOT_A                             00000005
NOT_ADDRESS                       00000005
NOT_BO                            00000000
NOT_BOR                           00000000
NOT_DONE                          00000002
NOT_PD                            00000003
NOT_POR                           00000001
NOT_RBPU                          00000007
NOT_RC8                           00000006
NOT_T1SYNC                        00000002
NOT_TO                            00000004
NOT_TX8                           00000006
NOT_W                             00000002
NOT_WRITE                         00000002
OBF                               00000006
OERR                              00000001
OPTION_REG                        00000081
P                                 00000004
PCFG0                             00000000
PCFG1                             00000001
PCFG2                             00000002
PCFG3                             00000003
PCL                               00000002
PCLATH                            0000000A
PCON                              0000008E
PEIE                              00000006
PEN                               00000002
MPASM  5.50                 EJERCICIO_2_5.ASM   7-22-2021  12:26:53         PAGE  9


SYMBOL TABLE
  LABEL                             VALUE 

PIE1                              0000008C
PIE2                              0000008D
PIR1                              0000000C
PIR2                              0000000D
PORTA                             00000005
PORTB                             00000006
PORTC                             00000007
PORTD                             00000008
PORTE                             00000009
PR2                               00000092
PS0                               00000000
PS1                               00000001
PS2                               00000002
PSA                               00000003
PSPIE                             00000007
PSPIF                             00000007
PSPMODE                           00000004
R                                 00000002
RA0                               00000000
RA1                               00000001
RA2                               00000002
RA3                               00000003
RA4                               00000004
RA5                               00000005
RB0                               00000000
RB1                               00000001
RB2                               00000002
RB3                               00000003
RB4                               00000004
RB5                               00000005
RB6                               00000006
RB7                               00000007
RBIE                              00000003
RBIF                              00000000
RC0                               00000000
RC1                               00000001
RC2                               00000002
RC3                               00000003
RC4                               00000004
RC5                               00000005
RC6                               00000006
RC7                               00000007
RC8_9                             00000006
RC9                               00000006
RCD8                              00000000
RCEN                              00000003
RCIE                              00000005
RCIF                              00000005
RCREG                             0000001A
RCSTA                             00000018
RD                                00000000
RD0                               00000000
RD1                               00000001
MPASM  5.50                 EJERCICIO_2_5.ASM   7-22-2021  12:26:53         PAGE 10


SYMBOL TABLE
  LABEL                             VALUE 

RD2                               00000002
RD3                               00000003
RD4                               00000004
RD5                               00000005
RD6                               00000006
RD7                               00000007
RE0                               00000000
RE1                               00000001
RE2                               00000002
READ_WRITE                        00000002
REGRESO                           0000002A
REGRESO2                          0000003C
REGRESO3                          0000004E
REGRESO4                          00000060
RETARDO                           00000070
RP0                               00000005
RP1                               00000006
RSEN                              00000001
RX9                               00000006
RX9D                              00000000
R_NOT_W                           00000002
R_W                               00000002
S                                 00000003
SEN                               00000000
SMP                               00000007
SPBRG                             00000099
SPEN                              00000007
SREN                              00000005
SSPADD                            00000093
SSPBUF                            00000013
SSPCON                            00000014
SSPCON2                           00000091
SSPEN                             00000005
SSPIE                             00000003
SSPIF                             00000003
SSPM0                             00000000
SSPM1                             00000001
SSPM2                             00000002
SSPM3                             00000003
SSPOV                             00000006
SSPSTAT                           00000094
STATUS                            00000003
SYNC                              00000004
T0CS                              00000005
T0IE                              00000005
T0IF                              00000002
T0SE                              00000004
T1CKPS0                           00000004
T1CKPS1                           00000005
T1CON                             00000010
T1INSYNC                          00000002
T1OSCEN                           00000003
T1SYNC                            00000002
MPASM  5.50                 EJERCICIO_2_5.ASM   7-22-2021  12:26:53         PAGE 11


SYMBOL TABLE
  LABEL                             VALUE 

T2CKPS0                           00000000
T2CKPS1                           00000001
T2CON                             00000012
TMR0                              00000001
TMR0IE                            00000005
TMR0IF                            00000002
TMR1                              0000000E
TMR1CS                            00000001
TMR1H                             0000000F
TMR1IE                            00000000
TMR1IF                            00000000
TMR1L                             0000000E
TMR1ON                            00000000
TMR2                              00000011
TMR2IE                            00000001
TMR2IF                            00000001
TMR2ON                            00000002
TOUTPS0                           00000003
TOUTPS1                           00000004
TOUTPS2                           00000005
TOUTPS3                           00000006
TRES                              00000072
TRISA                             00000085
TRISA0                            00000000
TRISA1                            00000001
TRISA2                            00000002
TRISA3                            00000003
TRISA4                            00000004
TRISA5                            00000005
TRISB                             00000086
TRISB0                            00000000
TRISB1                            00000001
TRISB2                            00000002
TRISB3                            00000003
TRISB4                            00000004
TRISB5                            00000005
TRISB6                            00000006
TRISB7                            00000007
TRISC                             00000087
TRISC0                            00000000
TRISC1                            00000001
TRISC2                            00000002
TRISC3                            00000003
TRISC4                            00000004
TRISC5                            00000005
TRISC6                            00000006
TRISC7                            00000007
TRISD                             00000088
TRISD0                            00000000
TRISD1                            00000001
TRISD2                            00000002
TRISD3                            00000003
TRISD4                            00000004
MPASM  5.50                 EJERCICIO_2_5.ASM   7-22-2021  12:26:53         PAGE 12


SYMBOL TABLE
  LABEL                             VALUE 

TRISD5                            00000005
TRISD6                            00000006
TRISD7                            00000007
TRISE                             00000089
TRISE0                            00000000
TRISE1                            00000001
TRISE2                            00000002
TRMT                              00000001
TX8_9                             00000006
TX9                               00000006
TX9D                              00000000
TXD8                              00000000
TXEN                              00000005
TXIE                              00000004
TXIF                              00000004
TXREG                             00000019
TXSTA                             00000098
UA                                00000001
UNO                               00000076
V1                                00000021
V2                                00000022
V3                                00000023
V4                                00000024
V5                                00000025
VUELTAS5                          0000004C
W                                 00000000
WCOL                              00000007
WR                                00000001
WREN                              00000002
WRERR                             00000003
Z                                 00000002
_BODEN_OFF                        00003FBF
_BODEN_ON                         00003FFF
_BOREN_OFF                        00003FBF
_BOREN_ON                         00003FFF
_CONFIG                           00002007
_CPD_OFF                          00003FFF
_CPD_ON                           00003EFF
_CP_ALL                           00001FFF
_CP_OFF                           00003FFF
_CP_ON                            00001FFF
_DEBUG_OFF                        00003FFF
_DEBUG_ON                         000037FF
_DEVID1                           00002006
_FOSC_EXTRC                       00003FFF
_FOSC_HS                          00003FFE
_FOSC_LP                          00003FFC
_FOSC_XT                          00003FFD
_HS_OSC                           00003FFE
_IDLOC0                           00002000
_IDLOC1                           00002001
_IDLOC2                           00002002
_IDLOC3                           00002003
MPASM  5.50                 EJERCICIO_2_5.ASM   7-22-2021  12:26:53         PAGE 13


SYMBOL TABLE
  LABEL                             VALUE 

_LP_OSC                           00003FFC
_LVP_OFF                          00003F7F
_LVP_ON                           00003FFF
_PWRTE_OFF                        00003FFF
_PWRTE_ON                         00003FF7
_RC_OSC                           00003FFF
_WDTE_OFF                         00003FFB
_WDTE_ON                          00003FFF
_WDT_OFF                          00003FFB
_WDT_ON                           00003FFF
_WRT_1FOURTH                      00003BFF
_WRT_256                          00003DFF
_WRT_HALF                         000039FF
_WRT_OFF                          00003FFF
_XT_OSC                           00003FFD
__16F877                          00000001


MEMORY USAGE MAP ('X' = Used,  '-' = Unused)

0000 : X----XXXXXXXXXXX XXXXXXXXXXXXXXXX XXXXXXXXXXXXXXXX XXXXXXXXXXXXXXXX
0040 : XXXXXXXXXXXXXXXX XXXXXXXXXXXXXXXX XXXXXXXXXXXXXXXX XXXXXXXXXXXXXXXX
0080 : XXXXXXXXXXXXXXXX XXXXXXX--------- ---------------- ----------------

All other memory blocks unused.

Program Memory Words Used:   147
Program Memory Words Free:  8045


Errors   :     0
Warnings :    11 reported,     0 suppressed
Messages :    17 reported,     0 suppressed

